-------------------------------------------------------------------------------
Test set: com.youbout.batchperformance.BatchPerformanceApplicationTests
-------------------------------------------------------------------------------
Tests run: 1, Failures: 0, Errors: 1, Skipped: 0, Time elapsed: 0.784 s <<< FAILURE! - in com.youbout.batchperformance.BatchPerformanceApplicationTests
com.youbout.batchperformance.BatchPerformanceApplicationTests  Time elapsed: 0.782 s  <<< ERROR!
java.lang.IllegalStateException: Unable to find a @SpringBootConfiguration, you need to use @ContextConfiguration or @SpringBootTest(classes=...) with your test

