<?xml version="1.0" encoding="UTF-8"?>
<testsuite xmlns:xsi="http://www.w3.org/2001/XMLSchema-instance" xsi:noNamespaceSchemaLocation="https://maven.apache.org/surefire/maven-surefire-plugin/xsd/surefire-test-report.xsd" name="com.youbout.batchperformance.BatchPerformanceApplicationTests" time="0.784" tests="1" errors="1" skipped="0" failures="0">
  <properties>
[...]
</properties>
  <testcase name="com.youbout.batchperformance.BatchPerformanceApplicationTests" classname="com.youbout.batchperformance.BatchPerformanceApplicationTests" time="0.782">
    <error message="Unable to find a @SpringBootConfiguration, you need to use @ContextConfiguration or @SpringBootTest(classes=...) with your test" type="java.lang.IllegalStateException">java.lang.IllegalStateException: Unable to find a @SpringBootConfiguration, you need to use @ContextConfiguration or @SpringBootTest(classes=...) with your test
</error>
    <system-out><![CDATA[23:15:41.688 [main] DEBUG org.springframework.test.context.BootstrapUtils - Instantiating CacheAwareContextLoaderDelegate from class [org.springframework.test.context.cache.DefaultCacheAwareContextLoaderDelegate]
23:15:41.711 [main] DEBUG org.springframework.test.context.BootstrapUtils - Instantiating BootstrapContext using constructor [public org.springframework.test.context.support.DefaultBootstrapContext(java.lang.Class,org.springframework.test.context.CacheAwareContextLoaderDelegate)]
23:15:41.764 [main] DEBUG org.springframework.test.context.BootstrapUtils - Instantiating TestContextBootstrapper for test class [com.youbout.batchperformance.BatchPerformanceApplicationTests] from class [org.springframework.boot.test.context.SpringBootTestContextBootstrapper]
23:15:41.795 [main] INFO org.springframework.boot.test.context.SpringBootTestContextBootstrapper - Neither @ContextConfiguration nor @ContextHierarchy found for test class [com.youbout.batchperformance.BatchPerformanceApplicationTests], using SpringBootContextLoader
23:15:41.803 [main] DEBUG org.springframework.test.context.support.AbstractContextLoader - Did not detect default resource location for test class [com.youbout.batchperformance.BatchPerformanceApplicationTests]: class path resource [com/youbout/batchperformance/BatchPerformanceApplicationTests-context.xml] does not exist
23:15:41.803 [main] DEBUG org.springframework.test.context.support.AbstractContextLoader - Did not detect default resource location for test class [com.youbout.batchperformance.BatchPerformanceApplicationTests]: class path resource [com/youbout/batchperformance/BatchPerformanceApplicationTestsContext.groovy] does not exist
23:15:41.804 [main] INFO org.springframework.test.context.support.AbstractContextLoader - Could not detect default resource locations for test class [com.youbout.batchperformance.BatchPerformanceApplicationTests]: no resource found for suffixes {-context.xml, Context.groovy}.
23:15:41.804 [main] INFO org.springframework.test.context.support.AnnotationConfigContextLoaderUtils - Could not detect default configuration classes for test class [com.youbout.batchperformance.BatchPerformanceApplicationTests]: BatchPerformanceApplicationTests does not declare any static, non-private, non-final, nested classes annotated with @Configuration.
23:15:41.902 [main] DEBUG org.springframework.test.context.support.ActiveProfilesUtils - Could not find an 'annotation declaring class' for annotation type [org.springframework.test.context.ActiveProfiles] and class [com.youbout.batchperformance.BatchPerformanceApplicationTests]
23:15:42.015 [main] DEBUG org.springframework.test.context.BootstrapUtils - Instantiating CacheAwareContextLoaderDelegate from class [org.springframework.test.context.cache.DefaultCacheAwareContextLoaderDelegate]
23:15:42.015 [main] DEBUG org.springframework.test.context.BootstrapUtils - Instantiating BootstrapContext using constructor [public org.springframework.test.context.support.DefaultBootstrapContext(java.lang.Class,org.springframework.test.context.CacheAwareContextLoaderDelegate)]
23:15:42.015 [main] DEBUG org.springframework.test.context.BootstrapUtils - Instantiating TestContextBootstrapper for test class [com.youbout.batchperformance.BatchPerformanceApplicationTests] from class [org.springframework.boot.test.context.SpringBootTestContextBootstrapper]
23:15:42.016 [main] INFO org.springframework.boot.test.context.SpringBootTestContextBootstrapper - Neither @ContextConfiguration nor @ContextHierarchy found for test class [com.youbout.batchperformance.BatchPerformanceApplicationTests], using SpringBootContextLoader
23:15:42.017 [main] DEBUG org.springframework.test.context.support.AbstractContextLoader - Did not detect default resource location for test class [com.youbout.batchperformance.BatchPerformanceApplicationTests]: class path resource [com/youbout/batchperformance/BatchPerformanceApplicationTests-context.xml] does not exist
23:15:42.017 [main] DEBUG org.springframework.test.context.support.AbstractContextLoader - Did not detect default resource location for test class [com.youbout.batchperformance.BatchPerformanceApplicationTests]: class path resource [com/youbout/batchperformance/BatchPerformanceApplicationTestsContext.groovy] does not exist
23:15:42.017 [main] INFO org.springframework.test.context.support.AbstractContextLoader - Could not detect default resource locations for test class [com.youbout.batchperformance.BatchPerformanceApplicationTests]: no resource found for suffixes {-context.xml, Context.groovy}.
23:15:42.017 [main] INFO org.springframework.test.context.support.AnnotationConfigContextLoaderUtils - Could not detect default configuration classes for test class [com.youbout.batchperformance.BatchPerformanceApplicationTests]: BatchPerformanceApplicationTests does not declare any static, non-private, non-final, nested classes annotated with @Configuration.
23:15:42.019 [main] DEBUG org.springframework.test.context.support.ActiveProfilesUtils - Could not find an 'annotation declaring class' for annotation type [org.springframework.test.context.ActiveProfiles] and class [com.youbout.batchperformance.BatchPerformanceApplicationTests]
23:15:42.040 [main] DEBUG org.springframework.test.context.BootstrapUtils - Instantiating CacheAwareContextLoaderDelegate from class [org.springframework.test.context.cache.DefaultCacheAwareContextLoaderDelegate]
23:15:42.040 [main] DEBUG org.springframework.test.context.BootstrapUtils - Instantiating BootstrapContext using constructor [public org.springframework.test.context.support.DefaultBootstrapContext(java.lang.Class,org.springframework.test.context.CacheAwareContextLoaderDelegate)]
23:15:42.041 [main] DEBUG org.springframework.test.context.BootstrapUtils - Instantiating TestContextBootstrapper for test class [com.youbout.batchperformance.BatchPerformanceApplicationTests] from class [org.springframework.boot.test.context.SpringBootTestContextBootstrapper]
23:15:42.042 [main] INFO org.springframework.boot.test.context.SpringBootTestContextBootstrapper - Neither @ContextConfiguration nor @ContextHierarchy found for test class [com.youbout.batchperformance.BatchPerformanceApplicationTests], using SpringBootContextLoader
23:15:42.042 [main] DEBUG org.springframework.test.context.support.AbstractContextLoader - Did not detect default resource location for test class [com.youbout.batchperformance.BatchPerformanceApplicationTests]: class path resource [com/youbout/batchperformance/BatchPerformanceApplicationTests-context.xml] does not exist
23:15:42.043 [main] DEBUG org.springframework.test.context.support.AbstractContextLoader - Did not detect default resource location for test class [com.youbout.batchperformance.BatchPerformanceApplicationTests]: class path resource [com/youbout/batchperformance/BatchPerformanceApplicationTestsContext.groovy] does not exist
23:15:42.043 [main] INFO org.springframework.test.context.support.AbstractContextLoader - Could not detect default resource locations for test class [com.youbout.batchperformance.BatchPerformanceApplicationTests]: no resource found for suffixes {-context.xml, Context.groovy}.
23:15:42.043 [main] INFO org.springframework.test.context.support.AnnotationConfigContextLoaderUtils - Could not detect default configuration classes for test class [com.youbout.batchperformance.BatchPerformanceApplicationTests]: BatchPerformanceApplicationTests does not declare any static, non-private, non-final, nested classes annotated with @Configuration.
23:15:42.045 [main] DEBUG org.springframework.test.context.support.ActiveProfilesUtils - Could not find an 'annotation declaring class' for annotation type [org.springframework.test.context.ActiveProfiles] and class [com.youbout.batchperformance.BatchPerformanceApplicationTests]
]]></system-out>
  </testcase>
</testsuite>